{"contracts/AlastriaAttestationRegistry.sol":{"l":{"44":56,"45":56,"50":1,"51":1,"55":13,"56":12,"57":12,"61":9,"63":9,"64":4,"65":4,"72":28,"73":28,"77":29,"81":14,"83":14,"84":11,"85":11,"86":11,"87":11,"95":28,"96":28,"102":28,"103":17,"105":11},"path":"/home/marcos/dev/workspace/alastria/alastria-identity/contracts/AlastriaAttestationRegistry.sol","s":{"1":56,"2":1,"3":1,"4":13,"5":12,"6":9,"7":9,"8":4,"9":4,"10":28,"11":28,"12":29,"13":14,"14":14,"15":11,"16":11,"17":11,"18":11,"19":28,"20":28,"21":28,"22":17,"23":11},"b":{"1":[56,0],"2":[12,1],"3":[4,5],"4":[11,2],"5":[11,0],"6":[17,11]},"f":{"1":56,"2":1,"3":13,"4":9,"5":28,"6":29,"7":14,"8":28,"9":28},"fnMap":{"1":{"name":"validAddress","line":43,"loc":{"start":{"line":43,"column":4},"end":{"line":43,"column":37}}},"2":{"name":null,"line":49,"loc":{"start":{"line":49,"column":4},"end":{"line":49,"column":56}}},"3":{"name":"set","line":54,"loc":{"start":{"line":54,"column":4},"end":{"line":54,"column":51}}},"4":{"name":"deleteAttestation","line":60,"loc":{"start":{"line":60,"column":4},"end":{"line":60,"column":53}}},"5":{"name":"subjectAttestationStatus","line":71,"loc":{"start":{"line":71,"column":4},"end":{"line":71,"column":141}}},"6":{"name":"subjectAttestationList","line":76,"loc":{"start":{"line":76,"column":4},"end":{"line":76,"column":73}}},"7":{"name":"revokeAttestation","line":80,"loc":{"start":{"line":80,"column":4},"end":{"line":80,"column":67}}},"8":{"name":"issuerRevocationStatus","line":94,"loc":{"start":{"line":94,"column":4},"end":{"line":94,"column":136}}},"9":{"name":"attestationStatus","line":101,"loc":{"start":{"line":101,"column":4},"end":{"line":101,"column":100}}}},"statementMap":{"1":{"start":{"line":44,"column":8},"end":{"line":44,"column":34}},"2":{"start":{"line":50,"column":8},"end":{"line":50,"column":18}},"3":{"start":{"line":51,"column":8},"end":{"line":51,"column":59}},"4":{"start":{"line":55,"column":8},"end":{"line":55,"column":65}},"5":{"start":{"line":56,"column":8},"end":{"line":56,"column":87}},"6":{"start":{"line":61,"column":8},"end":{"line":61,"column":76}},"7":{"start":{"line":63,"column":8},"end":{"line":63,"column":2410}},"8":{"start":{"line":64,"column":12},"end":{"line":64,"column":49}},"9":{"start":{"line":65,"column":12},"end":{"line":65,"column":45}},"10":{"start":{"line":72,"column":8},"end":{"line":72,"column":73}},"11":{"start":{"line":73,"column":8},"end":{"line":73,"column":43}},"12":{"start":{"line":77,"column":8},"end":{"line":77,"column":80}},"13":{"start":{"line":81,"column":8},"end":{"line":81,"column":73}},"14":{"start":{"line":83,"column":8},"end":{"line":83,"column":3371}},"15":{"start":{"line":84,"column":12},"end":{"line":84,"column":3416}},"16":{"start":{"line":85,"column":16},"end":{"line":85,"column":34}},"17":{"start":{"line":86,"column":16},"end":{"line":86,"column":36}},"18":{"start":{"line":87,"column":16},"end":{"line":87,"column":56}},"19":{"start":{"line":95,"column":8},"end":{"line":95,"column":69}},"20":{"start":{"line":96,"column":8},"end":{"line":96,"column":43}},"21":{"start":{"line":102,"column":8},"end":{"line":102,"column":4272}},"22":{"start":{"line":103,"column":12},"end":{"line":103,"column":32}},"23":{"start":{"line":105,"column":12},"end":{"line":105,"column":31}}},"branchMap":{"1":{"line":44,"type":"if","locations":[{"start":{"line":44,"column":8},"end":{"line":44,"column":8}},{"start":{"line":44,"column":8},"end":{"line":44,"column":8}}]},"2":{"line":55,"type":"if","locations":[{"start":{"line":55,"column":8},"end":{"line":55,"column":8}},{"start":{"line":55,"column":8},"end":{"line":55,"column":8}}]},"3":{"line":63,"type":"if","locations":[{"start":{"line":63,"column":8},"end":{"line":63,"column":8}},{"start":{"line":63,"column":8},"end":{"line":63,"column":8}}]},"4":{"line":83,"type":"if","locations":[{"start":{"line":83,"column":8},"end":{"line":83,"column":8}},{"start":{"line":83,"column":8},"end":{"line":83,"column":8}}]},"5":{"line":84,"type":"if","locations":[{"start":{"line":84,"column":12},"end":{"line":84,"column":12}},{"start":{"line":84,"column":12},"end":{"line":84,"column":12}}]},"6":{"line":102,"type":"if","locations":[{"start":{"line":102,"column":8},"end":{"line":102,"column":8}},{"start":{"line":102,"column":8},"end":{"line":102,"column":8}}]}}},"contracts/AlastriaIdentityManager.sol":{"l":{"17":0,"18":0,"22":0,"23":0,"24":0,"26":0,"27":0,"31":0,"32":0,"33":0,"49":0,"50":0,"51":0,"59":0,"60":0,"61":0,"70":0,"71":0,"72":0,"76":0},"path":"/home/marcos/dev/workspace/alastria/alastria-identity/contracts/AlastriaIdentityManager.sol","s":{"1":0,"2":0,"3":0,"4":0,"5":0,"6":0,"7":0,"8":0,"9":0,"10":0,"11":0,"12":0,"13":0,"14":0},"b":{"1":[0,0],"2":[0,0],"3":[0,0],"4":[0,0],"5":[0,0],"6":[0,0]},"f":{"1":0,"2":0,"3":0,"4":0,"5":0,"6":0,"7":0,"8":0},"fnMap":{"1":{"name":"onlyOlderOwner","line":16,"loc":{"start":{"line":16,"column":4},"end":{"line":16,"column":59}}},"2":{"name":"onlyRecovery","line":21,"loc":{"start":{"line":21,"column":4},"end":{"line":21,"column":68}}},"3":{"name":"rateLimited","line":30,"loc":{"start":{"line":30,"column":4},"end":{"line":30,"column":54}}},"4":{"name":"AlastriaIdentityManager","line":40,"loc":{"start":{"line":40,"column":4},"end":{"line":41,"column":80}}},"5":{"name":"addOwnerFromRecovery","line":45,"loc":{"start":{"line":45,"column":4},"end":{"line":48,"column":5}}},"6":{"name":"addOwner","line":55,"loc":{"start":{"line":55,"column":4},"end":{"line":58,"column":5}}},"7":{"name":"removeOwner","line":65,"loc":{"start":{"line":65,"column":4},"end":{"line":68,"column":5}}},"8":{"name":"isOlderOwner","line":75,"loc":{"start":{"line":75,"column":4},"end":{"line":75,"column":87}}}},"statementMap":{"1":{"start":{"line":17,"column":8},"end":{"line":17,"column":46}},"2":{"start":{"line":24,"column":8},"end":{"line":24,"column":21}},"3":{"start":{"line":26,"column":8},"end":{"line":26,"column":31}},"4":{"start":{"line":31,"column":8},"end":{"line":31,"column":61}},"5":{"start":{"line":32,"column":8},"end":{"line":32,"column":38}},"6":{"start":{"line":49,"column":8},"end":{"line":49,"column":49}},"7":{"start":{"line":50,"column":8},"end":{"line":50,"column":39}},"8":{"start":{"line":51,"column":8},"end":{"line":51,"column":48}},"9":{"start":{"line":59,"column":8},"end":{"line":59,"column":44}},"10":{"start":{"line":60,"column":8},"end":{"line":60,"column":54}},"11":{"start":{"line":61,"column":8},"end":{"line":61,"column":48}},"12":{"start":{"line":70,"column":8},"end":{"line":70,"column":31}},"13":{"start":{"line":72,"column":8},"end":{"line":72,"column":47}},"14":{"start":{"line":76,"column":8},"end":{"line":76,"column":96}}},"branchMap":{"1":{"line":17,"type":"if","locations":[{"start":{"line":17,"column":8},"end":{"line":17,"column":8}},{"start":{"line":17,"column":8},"end":{"line":17,"column":8}}]},"2":{"line":26,"type":"if","locations":[{"start":{"line":26,"column":8},"end":{"line":26,"column":8}},{"start":{"line":26,"column":8},"end":{"line":26,"column":8}}]},"3":{"line":31,"type":"if","locations":[{"start":{"line":31,"column":8},"end":{"line":31,"column":8}},{"start":{"line":31,"column":8},"end":{"line":31,"column":8}}]},"4":{"line":49,"type":"if","locations":[{"start":{"line":49,"column":8},"end":{"line":49,"column":8}},{"start":{"line":49,"column":8},"end":{"line":49,"column":8}}]},"5":{"line":59,"type":"if","locations":[{"start":{"line":59,"column":8},"end":{"line":59,"column":8}},{"start":{"line":59,"column":8},"end":{"line":59,"column":8}}]},"6":{"line":70,"type":"if","locations":[{"start":{"line":70,"column":8},"end":{"line":70,"column":8}},{"start":{"line":70,"column":8},"end":{"line":70,"column":8}}]}}},"contracts/AlastriaPublicKeyRegistry.sol":{"l":{"33":24,"34":24,"39":1,"40":1,"45":5,"46":4,"47":4,"48":4,"49":4,"53":6,"55":6,"56":3,"57":3,"62":2,"64":2,"65":2,"66":2,"67":2,"72":12,"73":10,"75":2,"80":12,"81":12},"path":"/home/marcos/dev/workspace/alastria/alastria-identity/contracts/AlastriaPublicKeyRegistry.sol","s":{"1":24,"2":1,"3":1,"4":5,"5":4,"6":4,"7":4,"8":6,"9":6,"10":3,"11":3,"12":2,"13":2,"14":2,"15":2,"16":2,"17":12,"18":10,"19":2,"20":12,"21":12},"b":{"1":[24,0],"2":[4,1],"3":[3,3],"4":[2,0],"5":[10,2]},"f":{"1":24,"2":1,"3":5,"4":6,"5":2,"6":12,"7":12},"fnMap":{"1":{"name":"validAddress","line":32,"loc":{"start":{"line":32,"column":4},"end":{"line":32,"column":37}}},"2":{"name":null,"line":38,"loc":{"start":{"line":38,"column":4},"end":{"line":38,"column":56}}},"3":{"name":"set","line":44,"loc":{"start":{"line":44,"column":4},"end":{"line":44,"column":40}}},"4":{"name":"revokePublicKey","line":52,"loc":{"start":{"line":52,"column":4},"end":{"line":52,"column":52}}},"5":{"name":"deletePublicKey","line":61,"loc":{"start":{"line":61,"column":4},"end":{"line":61,"column":52}}},"6":{"name":"currentPublicKey","line":71,"loc":{"start":{"line":71,"column":4},"end":{"line":71,"column":96}}},"7":{"name":"publicKeyStatus","line":79,"loc":{"start":{"line":79,"column":4},"end":{"line":79,"column":163}}}},"statementMap":{"1":{"start":{"line":33,"column":8},"end":{"line":33,"column":34}},"2":{"start":{"line":39,"column":8},"end":{"line":39,"column":18}},"3":{"start":{"line":40,"column":8},"end":{"line":40,"column":59}},"4":{"start":{"line":45,"column":8},"end":{"line":45,"column":64}},"5":{"start":{"line":46,"column":8},"end":{"line":46,"column":28}},"6":{"start":{"line":47,"column":8},"end":{"line":47,"column":52}},"7":{"start":{"line":48,"column":8},"end":{"line":48,"column":94}},"8":{"start":{"line":53,"column":8},"end":{"line":53,"column":73}},"9":{"start":{"line":55,"column":8},"end":{"line":55,"column":1906}},"10":{"start":{"line":56,"column":12},"end":{"line":56,"column":30}},"11":{"start":{"line":57,"column":12},"end":{"line":57,"column":44}},"12":{"start":{"line":62,"column":8},"end":{"line":62,"column":73}},"13":{"start":{"line":64,"column":8},"end":{"line":64,"column":2231}},"14":{"start":{"line":65,"column":12},"end":{"line":65,"column":49}},"15":{"start":{"line":66,"column":12},"end":{"line":66,"column":30}},"16":{"start":{"line":67,"column":12},"end":{"line":67,"column":44}},"17":{"start":{"line":72,"column":8},"end":{"line":72,"column":2508}},"18":{"start":{"line":73,"column":12},"end":{"line":73,"column":76}},"19":{"start":{"line":75,"column":12},"end":{"line":75,"column":20}},"20":{"start":{"line":80,"column":8},"end":{"line":80,"column":70}},"21":{"start":{"line":81,"column":8},"end":{"line":81,"column":75}}},"branchMap":{"1":{"line":33,"type":"if","locations":[{"start":{"line":33,"column":8},"end":{"line":33,"column":8}},{"start":{"line":33,"column":8},"end":{"line":33,"column":8}}]},"2":{"line":45,"type":"if","locations":[{"start":{"line":45,"column":8},"end":{"line":45,"column":8}},{"start":{"line":45,"column":8},"end":{"line":45,"column":8}}]},"3":{"line":55,"type":"if","locations":[{"start":{"line":55,"column":8},"end":{"line":55,"column":8}},{"start":{"line":55,"column":8},"end":{"line":55,"column":8}}]},"4":{"line":64,"type":"if","locations":[{"start":{"line":64,"column":8},"end":{"line":64,"column":8}},{"start":{"line":64,"column":8},"end":{"line":64,"column":8}}]},"5":{"line":72,"type":"if","locations":[{"start":{"line":72,"column":8},"end":{"line":72,"column":8}},{"start":{"line":72,"column":8},"end":{"line":72,"column":8}}]}}},"contracts/BasicIdentityManager.sol":{"l":{"25":0,"26":0,"30":0,"31":0,"40":0,"41":0,"42":0,"43":0,"44":0,"51":0,"52":0,"54":0,"61":0,"67":0,"68":0,"74":0,"75":0,"82":0},"path":"/home/marcos/dev/workspace/alastria/alastria-identity/contracts/BasicIdentityManager.sol","s":{"1":0,"2":0,"3":0,"4":0,"5":0,"6":0,"7":0,"8":0,"9":0,"10":0,"11":0,"12":0,"13":0,"14":0,"15":0},"b":{"1":[0,0],"2":[0,0],"3":[0,0],"4":[0,0]},"f":{"1":0,"2":0,"3":0,"4":0,"5":0,"6":0,"7":0,"8":0},"fnMap":{"1":{"name":"onlyOwner","line":24,"loc":{"start":{"line":24,"column":4},"end":{"line":24,"column":54}}},"2":{"name":"validAddress","line":29,"loc":{"start":{"line":29,"column":4},"end":{"line":29,"column":37}}},"3":{"name":"BasicIdentityManager","line":39,"loc":{"start":{"line":39,"column":4},"end":{"line":39,"column":108}}},"4":{"name":"createIdentity","line":50,"loc":{"start":{"line":50,"column":4},"end":{"line":50,"column":47}}},"5":{"name":"forwardTo","line":58,"loc":{"start":{"line":58,"column":4},"end":{"line":60,"column":5}}},"6":{"name":"changeRegistryPoint","line":66,"loc":{"start":{"line":66,"column":4},"end":{"line":66,"column":51}}},"7":{"name":"checkMessageData","line":73,"loc":{"start":{"line":73,"column":4},"end":{"line":73,"column":73}}},"8":{"name":"isOwner","line":81,"loc":{"start":{"line":81,"column":4},"end":{"line":81,"column":82}}}},"statementMap":{"1":{"start":{"line":25,"column":8},"end":{"line":25,"column":41}},"2":{"start":{"line":30,"column":8},"end":{"line":30,"column":34}},"3":{"start":{"line":40,"column":8},"end":{"line":40,"column":47}},"4":{"start":{"line":41,"column":8},"end":{"line":41,"column":37}},"5":{"start":{"line":42,"column":8},"end":{"line":42,"column":35}},"6":{"start":{"line":43,"column":8},"end":{"line":43,"column":29}},"7":{"start":{"line":44,"column":8},"end":{"line":44,"column":27}},"8":{"start":{"line":51,"column":8},"end":{"line":51,"column":35}},"9":{"start":{"line":52,"column":8},"end":{"line":52,"column":52}},"10":{"start":{"line":54,"column":8},"end":{"line":54,"column":54}},"11":{"start":{"line":67,"column":8},"end":{"line":67,"column":30}},"12":{"start":{"line":68,"column":8},"end":{"line":68,"column":37}},"13":{"start":{"line":74,"column":8},"end":{"line":74,"column":46}},"14":{"start":{"line":74,"column":34},"end":{"line":74,"column":46}},"15":{"start":{"line":82,"column":8},"end":{"line":82,"column":95}}},"branchMap":{"1":{"line":25,"type":"if","locations":[{"start":{"line":25,"column":8},"end":{"line":25,"column":8}},{"start":{"line":25,"column":8},"end":{"line":25,"column":8}}]},"2":{"line":30,"type":"if","locations":[{"start":{"line":30,"column":8},"end":{"line":30,"column":8}},{"start":{"line":30,"column":8},"end":{"line":30,"column":8}}]},"3":{"line":40,"type":"if","locations":[{"start":{"line":40,"column":8},"end":{"line":40,"column":8}},{"start":{"line":40,"column":8},"end":{"line":40,"column":8}}]},"4":{"line":74,"type":"if","locations":[{"start":{"line":74,"column":8},"end":{"line":74,"column":8}},{"start":{"line":74,"column":8},"end":{"line":74,"column":8}}]}}},"contracts/libs/Owned.sol":{"l":{"7":0,"8":0,"16":0,"17":0},"path":"/home/marcos/dev/workspace/alastria/alastria-identity/contracts/libs/Owned.sol","s":{"1":0,"2":0,"3":0,"4":0,"5":0},"b":{"1":[0,0],"2":[0,0]},"f":{"1":0,"2":0,"3":0,"4":0},"fnMap":{"1":{"name":"onlyOwner","line":6,"loc":{"start":{"line":6,"column":4},"end":{"line":6,"column":22}}},"2":{"name":"Owned","line":11,"loc":{"start":{"line":11,"column":4},"end":{"line":11,"column":18}}},"3":{"name":"isOwner","line":13,"loc":{"start":{"line":13,"column":4},"end":{"line":13,"column":54}}},"4":{"name":"transfer","line":15,"loc":{"start":{"line":15,"column":4},"end":{"line":15,"column":54}}}},"statementMap":{"1":{"start":{"line":7,"column":8},"end":{"line":7,"column":35}},"2":{"start":{"line":11,"column":22},"end":{"line":11,"column":39}},"3":{"start":{"line":13,"column":58},"end":{"line":13,"column":78}},"4":{"start":{"line":16,"column":8},"end":{"line":16,"column":354}},"5":{"start":{"line":17,"column":12},"end":{"line":17,"column":27}}},"branchMap":{"1":{"line":7,"type":"if","locations":[{"start":{"line":7,"column":8},"end":{"line":7,"column":8}},{"start":{"line":7,"column":8},"end":{"line":7,"column":8}}]},"2":{"line":16,"type":"if","locations":[{"start":{"line":16,"column":8},"end":{"line":16,"column":8}},{"start":{"line":16,"column":8},"end":{"line":16,"column":8}}]}}},"contracts/proxy.sol":{"l":{"13":0,"14":0},"path":"/home/marcos/dev/workspace/alastria/alastria-identity/contracts/proxy.sol","s":{"1":0,"2":0,"3":0},"b":{"1":[0,0]},"f":{"1":0,"2":0},"fnMap":{"1":{"name":null,"line":10,"loc":{"start":{"line":10,"column":4},"end":{"line":10,"column":20}}},"2":{"name":"forward","line":12,"loc":{"start":{"line":12,"column":4},"end":{"line":12,"column":80}}}},"statementMap":{"1":{"start":{"line":10,"column":24},"end":{"line":10,"column":54}},"2":{"start":{"line":13,"column":8},"end":{"line":13,"column":51}},"3":{"start":{"line":14,"column":8},"end":{"line":14,"column":42}}},"branchMap":{"1":{"line":13,"type":"if","locations":[{"start":{"line":13,"column":8},"end":{"line":13,"column":8}},{"start":{"line":13,"column":8},"end":{"line":13,"column":8}}]}}}}
{"contracts/AlastriaIdentityAttestator.sol":{"l":{"21":5,"22":4,"26":4,"27":4,"31":5,"32":5,"37":3,"42":4,"43":4,"44":4,"50":1,"51":1,"57":1,"58":1,"59":1,"64":2},"path":"/home/inigo/Projects/Alastria/alastria-identity/contracts/AlastriaIdentityAttestator.sol","s":{"1":5,"2":4,"3":5,"4":3,"5":4,"6":4,"7":4,"8":1,"9":1,"10":1,"11":1,"12":1,"13":2},"b":{"1":[4,1],"2":[4,0],"3":[5,0]},"f":{"1":5,"2":4,"3":5,"4":3,"5":4,"6":1,"7":1,"8":2},"fnMap":{"1":{"name":"onlyIdentityAttestator","line":20,"loc":{"start":{"line":20,"column":4},"end":{"line":20,"column":62}}},"2":{"name":"notIdentityAttestator","line":25,"loc":{"start":{"line":25,"column":4},"end":{"line":25,"column":61}}},"3":{"name":"alLeastLow","line":30,"loc":{"start":{"line":30,"column":4},"end":{"line":30,"column":46}}},"4":{"name":"AlastriaIdentityAttestator","line":35,"loc":{"start":{"line":35,"column":4},"end":{"line":35,"column":39}}},"5":{"name":"addIdentityAttestator","line":40,"loc":{"start":{"line":40,"column":4},"end":{"line":40,"column":155}}},"6":{"name":"modifyIdentityAttestatorEidasLevel","line":48,"loc":{"start":{"line":48,"column":4},"end":{"line":48,"column":169}}},"7":{"name":"removeIdentityAttestator","line":55,"loc":{"start":{"line":55,"column":4},"end":{"line":55,"column":115}}},"8":{"name":"getEidasLevel","line":63,"loc":{"start":{"line":63,"column":4},"end":{"line":63,"column":140}}}},"statementMap":{"1":{"start":{"line":21,"column":8},"end":{"line":21,"column":54}},"2":{"start":{"line":26,"column":8},"end":{"line":26,"column":55}},"3":{"start":{"line":31,"column":8},"end":{"line":31,"column":36}},"4":{"start":{"line":37,"column":8},"end":{"line":37,"column":63}},"5":{"start":{"line":42,"column":8},"end":{"line":42,"column":85}},"6":{"start":{"line":43,"column":8},"end":{"line":43,"column":40}},"7":{"start":{"line":44,"column":8},"end":{"line":44,"column":39}},"8":{"start":{"line":50,"column":8},"end":{"line":50,"column":85}},"9":{"start":{"line":51,"column":8},"end":{"line":51,"column":40}},"10":{"start":{"line":57,"column":8},"end":{"line":57,"column":85}},"11":{"start":{"line":58,"column":8},"end":{"line":58,"column":55}},"12":{"start":{"line":59,"column":8},"end":{"line":59,"column":40}},"13":{"start":{"line":64,"column":8},"end":{"line":64,"column":51}}},"branchMap":{"1":{"line":21,"type":"if","locations":[{"start":{"line":21,"column":8},"end":{"line":21,"column":8}},{"start":{"line":21,"column":8},"end":{"line":21,"column":8}}]},"2":{"line":26,"type":"if","locations":[{"start":{"line":26,"column":8},"end":{"line":26,"column":8}},{"start":{"line":26,"column":8},"end":{"line":26,"column":8}}]},"3":{"line":31,"type":"if","locations":[{"start":{"line":31,"column":8},"end":{"line":31,"column":8}},{"start":{"line":31,"column":8},"end":{"line":31,"column":8}}]}}},"contracts/AlastriaIdentityManager.sol":{"l":{"27":1,"28":1,"32":1,"33":1,"39":1,"44":1,"45":1,"50":1,"51":1,"55":2,"56":2,"57":2,"69":0,"70":0,"71":0,"72":0,"73":0,"80":0,"81":0},"path":"/home/inigo/Projects/Alastria/alastria-identity/contracts/AlastriaIdentityManager.sol","s":{"1":1,"2":1,"3":1,"4":1,"5":1,"6":1,"7":1,"8":2,"9":2,"10":2,"11":0,"12":0,"13":0,"14":0,"15":0},"b":{"1":[1,0],"2":[1,0],"3":[0,0]},"f":{"1":1,"2":1,"3":1,"4":1,"5":1,"6":2,"7":0,"8":0},"fnMap":{"1":{"name":"isOnTimeToLiveAndIsFromCaller","line":26,"loc":{"start":{"line":26,"column":4},"end":{"line":26,"column":62}}},"2":{"name":"validAddress","line":31,"loc":{"start":{"line":31,"column":4},"end":{"line":31,"column":37}}},"3":{"name":"AlastriaIdentityManager","line":37,"loc":{"start":{"line":37,"column":4},"end":{"line":37,"column":52}}},"4":{"name":"generateAccessToken","line":43,"loc":{"start":{"line":43,"column":4},"end":{"line":43,"column":92}}},"5":{"name":"createAlastriaIdentity","line":48,"loc":{"start":{"line":48,"column":4},"end":{"line":48,"column":109}}},"6":{"name":"createIdentity","line":54,"loc":{"start":{"line":54,"column":4},"end":{"line":54,"column":68}}},"7":{"name":"createIdentityWithCall","line":64,"loc":{"start":{"line":64,"column":4},"end":{"line":68,"column":79}}},"8":{"name":"checkMessageData","line":79,"loc":{"start":{"line":79,"column":4},"end":{"line":79,"column":73}}}},"statementMap":{"1":{"start":{"line":27,"column":8},"end":{"line":27,"column":82}},"2":{"start":{"line":32,"column":4},"end":{"line":32,"column":30}},"3":{"start":{"line":39,"column":8},"end":{"line":39,"column":25}},"4":{"start":{"line":44,"column":8},"end":{"line":44,"column":52}},"5":{"start":{"line":45,"column":8},"end":{"line":45,"column":41}},"6":{"start":{"line":50,"column":8},"end":{"line":50,"column":35}},"7":{"start":{"line":51,"column":8},"end":{"line":51,"column":48}},"8":{"start":{"line":55,"column":8},"end":{"line":55,"column":35}},"9":{"start":{"line":56,"column":8},"end":{"line":56,"column":42}},"10":{"start":{"line":57,"column":8},"end":{"line":57,"column":55}},"11":{"start":{"line":69,"column":8},"end":{"line":69,"column":35}},"12":{"start":{"line":70,"column":8},"end":{"line":70,"column":37}},"13":{"start":{"line":73,"column":8},"end":{"line":73,"column":54}},"14":{"start":{"line":80,"column":8},"end":{"line":80,"column":46}},"15":{"start":{"line":80,"column":34},"end":{"line":80,"column":46}}},"branchMap":{"1":{"line":27,"type":"if","locations":[{"start":{"line":27,"column":8},"end":{"line":27,"column":8}},{"start":{"line":27,"column":8},"end":{"line":27,"column":8}}]},"2":{"line":32,"type":"if","locations":[{"start":{"line":32,"column":4},"end":{"line":32,"column":4}},{"start":{"line":32,"column":4},"end":{"line":32,"column":4}}]},"3":{"line":80,"type":"if","locations":[{"start":{"line":80,"column":8},"end":{"line":80,"column":8}},{"start":{"line":80,"column":8},"end":{"line":80,"column":8}}]}}},"contracts/AlastriaIdentityProvider.sol":{"l":{"16":2,"17":2,"21":4,"22":4,"27":3,"32":4,"38":1,"43":8},"path":"/home/inigo/Projects/Alastria/alastria-identity/contracts/AlastriaIdentityProvider.sol","s":{"1":2,"2":4,"3":3,"4":4,"5":1,"6":8},"b":{"1":[2,0],"2":[4,0]},"f":{"1":2,"2":4,"3":3,"4":4,"5":1,"6":8},"fnMap":{"1":{"name":"onlyIdentityProvider","line":15,"loc":{"start":{"line":15,"column":4},"end":{"line":15,"column":58}}},"2":{"name":"notIdentityProvider","line":20,"loc":{"start":{"line":20,"column":4},"end":{"line":20,"column":57}}},"3":{"name":"AlastriaIdentityProvider","line":25,"loc":{"start":{"line":25,"column":4},"end":{"line":25,"column":37}}},"4":{"name":"addIdentityProvider","line":30,"loc":{"start":{"line":30,"column":4},"end":{"line":30,"column":103}}},"5":{"name":"removeIdentityProvider","line":36,"loc":{"start":{"line":36,"column":4},"end":{"line":36,"column":107}}},"6":{"name":"isIdentityProvider","line":42,"loc":{"start":{"line":42,"column":4},"end":{"line":42,"column":87}}}},"statementMap":{"1":{"start":{"line":16,"column":8},"end":{"line":16,"column":54}},"2":{"start":{"line":21,"column":8},"end":{"line":21,"column":55}},"3":{"start":{"line":27,"column":8},"end":{"line":27,"column":38}},"4":{"start":{"line":32,"column":8},"end":{"line":32,"column":42}},"5":{"start":{"line":38,"column":8},"end":{"line":38,"column":43}},"6":{"start":{"line":43,"column":8},"end":{"line":43,"column":43}}},"branchMap":{"1":{"line":16,"type":"if","locations":[{"start":{"line":16,"column":8},"end":{"line":16,"column":8}},{"start":{"line":16,"column":8},"end":{"line":16,"column":8}}]},"2":{"line":21,"type":"if","locations":[{"start":{"line":21,"column":8},"end":{"line":21,"column":8}},{"start":{"line":21,"column":8},"end":{"line":21,"column":8}}]}}},"contracts/libs/Eidas.sol":{"l":{"25":5,"37":5},"path":"/home/inigo/Projects/Alastria/alastria-identity/contracts/libs/Eidas.sol","s":{"1":5,"2":5},"b":{},"f":{"1":5,"2":5},"fnMap":{"1":{"name":"atLeastLow","line":24,"loc":{"start":{"line":24,"column":4},"end":{"line":24,"column":60}}},"2":{"name":"atLeast","line":36,"loc":{"start":{"line":36,"column":4},"end":{"line":36,"column":76}}}},"statementMap":{"1":{"start":{"line":25,"column":8},"end":{"line":25,"column":51}},"2":{"start":{"line":37,"column":8},"end":{"line":37,"column":50}}},"branchMap":{}},"contracts/libs/Owned.sol":{"l":{"7":0,"8":0,"16":0,"17":0},"path":"/home/inigo/Projects/Alastria/alastria-identity/contracts/libs/Owned.sol","s":{"1":0,"2":3,"3":0,"4":0,"5":0},"b":{"1":[0,0],"2":[0,0]},"f":{"1":0,"2":3,"3":0,"4":0},"fnMap":{"1":{"name":"onlyOwner","line":6,"loc":{"start":{"line":6,"column":4},"end":{"line":6,"column":22}}},"2":{"name":"Owned","line":11,"loc":{"start":{"line":11,"column":4},"end":{"line":11,"column":18}}},"3":{"name":"isOwner","line":13,"loc":{"start":{"line":13,"column":4},"end":{"line":13,"column":53}}},"4":{"name":"transfer","line":15,"loc":{"start":{"line":15,"column":4},"end":{"line":15,"column":54}}}},"statementMap":{"1":{"start":{"line":7,"column":8},"end":{"line":7,"column":35}},"2":{"start":{"line":11,"column":23},"end":{"line":11,"column":40}},"3":{"start":{"line":13,"column":58},"end":{"line":13,"column":78}},"4":{"start":{"line":16,"column":8},"end":{"line":16,"column":357}},"5":{"start":{"line":17,"column":12},"end":{"line":17,"column":27}}},"branchMap":{"1":{"line":7,"type":"if","locations":[{"start":{"line":7,"column":8},"end":{"line":7,"column":8}},{"start":{"line":7,"column":8},"end":{"line":7,"column":8}}]},"2":{"line":16,"type":"if","locations":[{"start":{"line":16,"column":8},"end":{"line":16,"column":8}},{"start":{"line":16,"column":8},"end":{"line":16,"column":8}}]}}},"contracts/proxy.sol":{"l":{"15":0,"16":0,"20":0,"21":0,"25":2,"26":2,"32":0,"33":0,"37":0},"path":"/home/inigo/Projects/Alastria/alastria-identity/contracts/proxy.sol","s":{"1":0,"2":0,"3":2,"4":2,"5":0,"6":0,"7":0,"8":0},"b":{"1":[0,0],"2":[0,0],"3":[0,0]},"f":{"1":0,"2":0,"3":2,"4":0,"5":0,"6":0},"fnMap":{"1":{"name":"onlyOwner","line":14,"loc":{"start":{"line":14,"column":4},"end":{"line":14,"column":22}}},"2":{"name":"onlyOwnerOrRecover","line":19,"loc":{"start":{"line":19,"column":4},"end":{"line":19,"column":31}}},"3":{"name":"proxy","line":24,"loc":{"start":{"line":24,"column":4},"end":{"line":24,"column":19}}},"4":{"name":null,"line":29,"loc":{"start":{"line":29,"column":4},"end":{"line":29,"column":21}}},"5":{"name":"forward","line":31,"loc":{"start":{"line":31,"column":4},"end":{"line":31,"column":80}}},"6":{"name":"isRecover","line":36,"loc":{"start":{"line":36,"column":4},"end":{"line":36,"column":55}}}},"statementMap":{"1":{"start":{"line":15,"column":8},"end":{"line":15,"column":35}},"2":{"start":{"line":20,"column":8},"end":{"line":20,"column":58}},"3":{"start":{"line":25,"column":8},"end":{"line":25,"column":25}},"4":{"start":{"line":26,"column":8},"end":{"line":26,"column":27}},"5":{"start":{"line":29,"column":26},"end":{"line":29,"column":56}},"6":{"start":{"line":32,"column":8},"end":{"line":32,"column":51}},"7":{"start":{"line":33,"column":8},"end":{"line":33,"column":42}},"8":{"start":{"line":37,"column":8},"end":{"line":37,"column":30}}},"branchMap":{"1":{"line":15,"type":"if","locations":[{"start":{"line":15,"column":8},"end":{"line":15,"column":8}},{"start":{"line":15,"column":8},"end":{"line":15,"column":8}}]},"2":{"line":20,"type":"if","locations":[{"start":{"line":20,"column":8},"end":{"line":20,"column":8}},{"start":{"line":20,"column":8},"end":{"line":20,"column":8}}]},"3":{"line":32,"type":"if","locations":[{"start":{"line":32,"column":8},"end":{"line":32,"column":8}},{"start":{"line":32,"column":8},"end":{"line":32,"column":8}}]}}}}
