{"contracts/AlastriaIdentityAttestator.sol":{"l":{"21":5,"22":4,"26":4,"27":4,"31":5,"32":5,"37":3,"42":4,"43":4,"44":4,"50":1,"51":1,"57":1,"58":1,"59":1,"64":2},"path":"/home/inigo/Projects/Alastria/alastria-identity/contracts/AlastriaIdentityAttestator.sol","s":{"1":5,"2":4,"3":5,"4":3,"5":4,"6":4,"7":4,"8":1,"9":1,"10":1,"11":1,"12":1,"13":2},"b":{"1":[4,1],"2":[4,0],"3":[5,0]},"f":{"1":5,"2":4,"3":5,"4":3,"5":4,"6":1,"7":1,"8":2},"fnMap":{"1":{"name":"onlyIdentityAttestator","line":20,"loc":{"start":{"line":20,"column":4},"end":{"line":20,"column":62}}},"2":{"name":"notIdentityAttestator","line":25,"loc":{"start":{"line":25,"column":4},"end":{"line":25,"column":61}}},"3":{"name":"alLeastLow","line":30,"loc":{"start":{"line":30,"column":4},"end":{"line":30,"column":46}}},"4":{"name":"AlastriaIdentityAttestator","line":35,"loc":{"start":{"line":35,"column":4},"end":{"line":35,"column":39}}},"5":{"name":"addIdentityAttestator","line":40,"loc":{"start":{"line":40,"column":4},"end":{"line":40,"column":155}}},"6":{"name":"modifyIdentityAttestatorEidasLevel","line":48,"loc":{"start":{"line":48,"column":4},"end":{"line":48,"column":169}}},"7":{"name":"removeIdentityAttestator","line":55,"loc":{"start":{"line":55,"column":4},"end":{"line":55,"column":115}}},"8":{"name":"getEidasLevel","line":63,"loc":{"start":{"line":63,"column":4},"end":{"line":63,"column":140}}}},"statementMap":{"1":{"start":{"line":21,"column":8},"end":{"line":21,"column":54}},"2":{"start":{"line":26,"column":8},"end":{"line":26,"column":55}},"3":{"start":{"line":31,"column":8},"end":{"line":31,"column":36}},"4":{"start":{"line":37,"column":8},"end":{"line":37,"column":63}},"5":{"start":{"line":42,"column":8},"end":{"line":42,"column":85}},"6":{"start":{"line":43,"column":8},"end":{"line":43,"column":40}},"7":{"start":{"line":44,"column":8},"end":{"line":44,"column":39}},"8":{"start":{"line":50,"column":8},"end":{"line":50,"column":85}},"9":{"start":{"line":51,"column":8},"end":{"line":51,"column":40}},"10":{"start":{"line":57,"column":8},"end":{"line":57,"column":85}},"11":{"start":{"line":58,"column":8},"end":{"line":58,"column":55}},"12":{"start":{"line":59,"column":8},"end":{"line":59,"column":40}},"13":{"start":{"line":64,"column":8},"end":{"line":64,"column":51}}},"branchMap":{"1":{"line":21,"type":"if","locations":[{"start":{"line":21,"column":8},"end":{"line":21,"column":8}},{"start":{"line":21,"column":8},"end":{"line":21,"column":8}}]},"2":{"line":26,"type":"if","locations":[{"start":{"line":26,"column":8},"end":{"line":26,"column":8}},{"start":{"line":26,"column":8},"end":{"line":26,"column":8}}]},"3":{"line":31,"type":"if","locations":[{"start":{"line":31,"column":8},"end":{"line":31,"column":8}},{"start":{"line":31,"column":8},"end":{"line":31,"column":8}}]}}},"contracts/AlastriaIdentityManager.sol":{"l":{"27":1,"28":1,"32":1,"33":1,"39":1,"44":1,"45":1,"50":1,"51":1,"55":2,"56":2,"57":2,"69":0,"70":0,"71":0,"72":0,"73":0,"80":0,"81":0},"path":"/home/inigo/Projects/Alastria/alastria-identity/contracts/AlastriaIdentityManager.sol","s":{"1":1,"2":1,"3":1,"4":1,"5":1,"6":1,"7":1,"8":2,"9":2,"10":2,"11":0,"12":0,"13":0,"14":0,"15":0},"b":{"1":[1,0],"2":[1,0],"3":[0,0]},"f":{"1":1,"2":1,"3":1,"4":1,"5":1,"6":2,"7":0,"8":0},"fnMap":{"1":{"name":"isOnTimeToLiveAndIsFromCaller","line":26,"loc":{"start":{"line":26,"column":4},"end":{"line":26,"column":62}}},"2":{"name":"validAddress","line":31,"loc":{"start":{"line":31,"column":4},"end":{"line":31,"column":37}}},"3":{"name":"AlastriaIdentityManager","line":37,"loc":{"start":{"line":37,"column":4},"end":{"line":37,"column":52}}},"4":{"name":"generateAccessToken","line":43,"loc":{"start":{"line":43,"column":4},"end":{"line":43,"column":92}}},"5":{"name":"createAlastriaIdentity","line":48,"loc":{"start":{"line":48,"column":4},"end":{"line":48,"column":109}}},"6":{"name":"createIdentity","line":54,"loc":{"start":{"line":54,"column":4},"end":{"line":54,"column":68}}},"7":{"name":"createIdentityWithCall","line":64,"loc":{"start":{"line":64,"column":4},"end":{"line":68,"column":79}}},"8":{"name":"checkMessageData","line":79,"loc":{"start":{"line":79,"column":4},"end":{"line":79,"column":73}}}},"statementMap":{"1":{"start":{"line":27,"column":8},"end":{"line":27,"column":82}},"2":{"start":{"line":32,"column":4},"end":{"line":32,"column":30}},"3":{"start":{"line":39,"column":8},"end":{"line":39,"column":25}},"4":{"start":{"line":44,"column":8},"end":{"line":44,"column":52}},"5":{"start":{"line":45,"column":8},"end":{"line":45,"column":41}},"6":{"start":{"line":50,"column":8},"end":{"line":50,"column":35}},"7":{"start":{"line":51,"column":8},"end":{"line":51,"column":48}},"8":{"start":{"line":55,"column":8},"end":{"line":55,"column":35}},"9":{"start":{"line":56,"column":8},"end":{"line":56,"column":42}},"10":{"start":{"line":57,"column":8},"end":{"line":57,"column":55}},"11":{"start":{"line":69,"column":8},"end":{"line":69,"column":35}},"12":{"start":{"line":70,"column":8},"end":{"line":70,"column":37}},"13":{"start":{"line":73,"column":8},"end":{"line":73,"column":54}},"14":{"start":{"line":80,"column":8},"end":{"line":80,"column":46}},"15":{"start":{"line":80,"column":34},"end":{"line":80,"column":46}}},"branchMap":{"1":{"line":27,"type":"if","locations":[{"start":{"line":27,"column":8},"end":{"line":27,"column":8}},{"start":{"line":27,"column":8},"end":{"line":27,"column":8}}]},"2":{"line":32,"type":"if","locations":[{"start":{"line":32,"column":4},"end":{"line":32,"column":4}},{"start":{"line":32,"column":4},"end":{"line":32,"column":4}}]},"3":{"line":80,"type":"if","locations":[{"start":{"line":80,"column":8},"end":{"line":80,"column":8}},{"start":{"line":80,"column":8},"end":{"line":80,"column":8}}]}}},"contracts/AlastriaIdentityProvider.sol":{"l":{"16":2,"17":2,"21":4,"22":4,"27":3,"32":4,"38":1,"43":8},"path":"/home/inigo/Projects/Alastria/alastria-identity/contracts/AlastriaIdentityProvider.sol","s":{"1":2,"2":4,"3":3,"4":4,"5":1,"6":8},"b":{"1":[2,0],"2":[4,0]},"f":{"1":2,"2":4,"3":3,"4":4,"5":1,"6":8},"fnMap":{"1":{"name":"onlyIdentityProvider","line":15,"loc":{"start":{"line":15,"column":4},"end":{"line":15,"column":58}}},"2":{"name":"notIdentityProvider","line":20,"loc":{"start":{"line":20,"column":4},"end":{"line":20,"column":57}}},"3":{"name":"AlastriaIdentityProvider","line":25,"loc":{"start":{"line":25,"column":4},"end":{"line":25,"column":37}}},"4":{"name":"addIdentityProvider","line":30,"loc":{"start":{"line":30,"column":4},"end":{"line":30,"column":103}}},"5":{"name":"removeIdentityProvider","line":36,"loc":{"start":{"line":36,"column":4},"end":{"line":36,"column":107}}},"6":{"name":"isIdentityProvider","line":42,"loc":{"start":{"line":42,"column":4},"end":{"line":42,"column":87}}}},"statementMap":{"1":{"start":{"line":16,"column":8},"end":{"line":16,"column":54}},"2":{"start":{"line":21,"column":8},"end":{"line":21,"column":55}},"3":{"start":{"line":27,"column":8},"end":{"line":27,"column":38}},"4":{"start":{"line":32,"column":8},"end":{"line":32,"column":42}},"5":{"start":{"line":38,"column":8},"end":{"line":38,"column":43}},"6":{"start":{"line":43,"column":8},"end":{"line":43,"column":43}}},"branchMap":{"1":{"line":16,"type":"if","locations":[{"start":{"line":16,"column":8},"end":{"line":16,"column":8}},{"start":{"line":16,"column":8},"end":{"line":16,"column":8}}]},"2":{"line":21,"type":"if","locations":[{"start":{"line":21,"column":8},"end":{"line":21,"column":8}},{"start":{"line":21,"column":8},"end":{"line":21,"column":8}}]}}},"contracts/libs/Eidas.sol":{"l":{"25":5,"37":5},"path":"/home/inigo/Projects/Alastria/alastria-identity/contracts/libs/Eidas.sol","s":{"1":5,"2":5},"b":{},"f":{"1":5,"2":5},"fnMap":{"1":{"name":"atLeastLow","line":24,"loc":{"start":{"line":24,"column":4},"end":{"line":24,"column":60}}},"2":{"name":"atLeast","line":36,"loc":{"start":{"line":36,"column":4},"end":{"line":36,"column":76}}}},"statementMap":{"1":{"start":{"line":25,"column":8},"end":{"line":25,"column":51}},"2":{"start":{"line":37,"column":8},"end":{"line":37,"column":50}}},"branchMap":{}},"contracts/libs/Owned.sol":{"l":{"7":0,"8":0,"16":0,"17":0},"path":"/home/inigo/Projects/Alastria/alastria-identity/contracts/libs/Owned.sol","s":{"1":0,"2":3,"3":0,"4":0,"5":0},"b":{"1":[0,0],"2":[0,0]},"f":{"1":0,"2":3,"3":0,"4":0},"fnMap":{"1":{"name":"onlyOwner","line":6,"loc":{"start":{"line":6,"column":4},"end":{"line":6,"column":22}}},"2":{"name":"Owned","line":11,"loc":{"start":{"line":11,"column":4},"end":{"line":11,"column":18}}},"3":{"name":"isOwner","line":13,"loc":{"start":{"line":13,"column":4},"end":{"line":13,"column":53}}},"4":{"name":"transfer","line":15,"loc":{"start":{"line":15,"column":4},"end":{"line":15,"column":54}}}},"statementMap":{"1":{"start":{"line":7,"column":8},"end":{"line":7,"column":35}},"2":{"start":{"line":11,"column":23},"end":{"line":11,"column":40}},"3":{"start":{"line":13,"column":58},"end":{"line":13,"column":78}},"4":{"start":{"line":16,"column":8},"end":{"line":16,"column":357}},"5":{"start":{"line":17,"column":12},"end":{"line":17,"column":27}}},"branchMap":{"1":{"line":7,"type":"if","locations":[{"start":{"line":7,"column":8},"end":{"line":7,"column":8}},{"start":{"line":7,"column":8},"end":{"line":7,"column":8}}]},"2":{"line":16,"type":"if","locations":[{"start":{"line":16,"column":8},"end":{"line":16,"column":8}},{"start":{"line":16,"column":8},"end":{"line":16,"column":8}}]}}},"contracts/proxy.sol":{"l":{"15":0,"16":0,"20":0,"21":0,"25":2,"26":2,"32":0,"33":0,"37":0},"path":"/home/inigo/Projects/Alastria/alastria-identity/contracts/proxy.sol","s":{"1":0,"2":0,"3":2,"4":2,"5":0,"6":0,"7":0,"8":0},"b":{"1":[0,0],"2":[0,0],"3":[0,0]},"f":{"1":0,"2":0,"3":2,"4":0,"5":0,"6":0},"fnMap":{"1":{"name":"onlyOwner","line":14,"loc":{"start":{"line":14,"column":4},"end":{"line":14,"column":22}}},"2":{"name":"onlyOwnerOrRecover","line":19,"loc":{"start":{"line":19,"column":4},"end":{"line":19,"column":31}}},"3":{"name":"proxy","line":24,"loc":{"start":{"line":24,"column":4},"end":{"line":24,"column":19}}},"4":{"name":null,"line":29,"loc":{"start":{"line":29,"column":4},"end":{"line":29,"column":21}}},"5":{"name":"forward","line":31,"loc":{"start":{"line":31,"column":4},"end":{"line":31,"column":80}}},"6":{"name":"isRecover","line":36,"loc":{"start":{"line":36,"column":4},"end":{"line":36,"column":55}}}},"statementMap":{"1":{"start":{"line":15,"column":8},"end":{"line":15,"column":35}},"2":{"start":{"line":20,"column":8},"end":{"line":20,"column":58}},"3":{"start":{"line":25,"column":8},"end":{"line":25,"column":25}},"4":{"start":{"line":26,"column":8},"end":{"line":26,"column":27}},"5":{"start":{"line":29,"column":26},"end":{"line":29,"column":56}},"6":{"start":{"line":32,"column":8},"end":{"line":32,"column":51}},"7":{"start":{"line":33,"column":8},"end":{"line":33,"column":42}},"8":{"start":{"line":37,"column":8},"end":{"line":37,"column":30}}},"branchMap":{"1":{"line":15,"type":"if","locations":[{"start":{"line":15,"column":8},"end":{"line":15,"column":8}},{"start":{"line":15,"column":8},"end":{"line":15,"column":8}}]},"2":{"line":20,"type":"if","locations":[{"start":{"line":20,"column":8},"end":{"line":20,"column":8}},{"start":{"line":20,"column":8},"end":{"line":20,"column":8}}]},"3":{"line":32,"type":"if","locations":[{"start":{"line":32,"column":8},"end":{"line":32,"column":8}},{"start":{"line":32,"column":8},"end":{"line":32,"column":8}}]}}}}