TN:
SF:/home/inigo/Projects/Alastria/alastria-identity/contracts/AlastriaIdentityAttestator.sol
FN:20,onlyIdentityAttestator
FN:25,notIdentityAttestator
FN:30,alLeastLow
FN:35,AlastriaIdentityAttestator
FN:40,addIdentityAttestator
FN:48,modifyIdentityAttestatorEidasLevel
FN:55,removeIdentityAttestator
FN:63,getEidasLevel
FNF:8
FNH:8
FNDA:5,onlyIdentityAttestator
FNDA:4,notIdentityAttestator
FNDA:5,alLeastLow
FNDA:3,AlastriaIdentityAttestator
FNDA:4,addIdentityAttestator
FNDA:1,modifyIdentityAttestatorEidasLevel
FNDA:1,removeIdentityAttestator
FNDA:2,getEidasLevel
DA:21,5
DA:22,4
DA:26,4
DA:27,4
DA:31,5
DA:32,5
DA:37,3
DA:42,4
DA:43,4
DA:44,4
DA:50,1
DA:51,1
DA:57,1
DA:58,1
DA:59,1
DA:64,2
LF:16
LH:16
BRDA:21,1,0,4
BRDA:21,1,1,1
BRDA:26,2,0,4
BRDA:26,2,1,0
BRDA:31,3,0,5
BRDA:31,3,1,0
BRF:6
BRH:4
end_of_record
TN:
SF:/home/inigo/Projects/Alastria/alastria-identity/contracts/AlastriaIdentityManager.sol
FN:26,isOnTimeToLiveAndIsFromCaller
FN:31,validAddress
FN:37,AlastriaIdentityManager
FN:43,generateAccessToken
FN:48,createAlastriaIdentity
FN:54,createIdentity
FN:64,createIdentityWithCall
FN:79,checkMessageData
FNF:8
FNH:6
FNDA:1,isOnTimeToLiveAndIsFromCaller
FNDA:1,validAddress
FNDA:1,AlastriaIdentityManager
FNDA:1,generateAccessToken
FNDA:1,createAlastriaIdentity
FNDA:2,createIdentity
FNDA:0,createIdentityWithCall
FNDA:0,checkMessageData
DA:27,1
DA:28,1
DA:32,1
DA:33,1
DA:39,1
DA:44,1
DA:45,1
DA:50,1
DA:51,1
DA:55,2
DA:56,2
DA:57,2
DA:69,0
DA:70,0
DA:71,0
DA:72,0
DA:73,0
DA:80,0
DA:81,0
LF:19
LH:12
BRDA:27,1,0,1
BRDA:27,1,1,0
BRDA:32,2,0,1
BRDA:32,2,1,0
BRDA:80,3,0,0
BRDA:80,3,1,0
BRF:6
BRH:2
end_of_record
TN:
SF:/home/inigo/Projects/Alastria/alastria-identity/contracts/AlastriaIdentityProvider.sol
FN:15,onlyIdentityProvider
FN:20,notIdentityProvider
FN:25,AlastriaIdentityProvider
FN:30,addIdentityProvider
FN:36,removeIdentityProvider
FN:42,isIdentityProvider
FNF:6
FNH:6
FNDA:2,onlyIdentityProvider
FNDA:4,notIdentityProvider
FNDA:3,AlastriaIdentityProvider
FNDA:4,addIdentityProvider
FNDA:1,removeIdentityProvider
FNDA:8,isIdentityProvider
DA:16,2
DA:17,2
DA:21,4
DA:22,4
DA:27,3
DA:32,4
DA:38,1
DA:43,8
LF:8
LH:8
BRDA:16,1,0,2
BRDA:16,1,1,0
BRDA:21,2,0,4
BRDA:21,2,1,0
BRF:4
BRH:2
end_of_record
TN:
SF:/home/inigo/Projects/Alastria/alastria-identity/contracts/libs/Eidas.sol
FN:24,atLeastLow
FN:36,atLeast
FNF:2
FNH:2
FNDA:5,atLeastLow
FNDA:5,atLeast
DA:25,5
DA:37,5
LF:2
LH:2
BRF:0
BRH:0
end_of_record
TN:
SF:/home/inigo/Projects/Alastria/alastria-identity/contracts/libs/Owned.sol
FN:6,onlyOwner
FN:11,Owned
FN:13,isOwner
FN:15,transfer
FNF:4
FNH:1
FNDA:0,onlyOwner
FNDA:3,Owned
FNDA:0,isOwner
FNDA:0,transfer
DA:7,0
DA:8,0
DA:16,0
DA:17,0
LF:4
LH:0
BRDA:7,1,0,0
BRDA:7,1,1,0
BRDA:16,2,0,0
BRDA:16,2,1,0
BRF:4
BRH:0
end_of_record
TN:
SF:/home/inigo/Projects/Alastria/alastria-identity/contracts/proxy.sol
FN:14,onlyOwner
FN:19,onlyOwnerOrRecover
FN:24,proxy
FN:29,
FN:31,forward
FN:36,isRecover
FNF:6
FNH:1
FNDA:0,onlyOwner
FNDA:0,onlyOwnerOrRecover
FNDA:2,proxy
FNDA:0,
FNDA:0,forward
FNDA:0,isRecover
DA:15,0
DA:16,0
DA:20,0
DA:21,0
DA:25,2
DA:26,2
DA:32,0
DA:33,0
DA:37,0
LF:9
LH:2
BRDA:15,1,0,0
BRDA:15,1,1,0
BRDA:20,2,0,0
BRDA:20,2,1,0
BRDA:32,3,0,0
BRDA:32,3,1,0
BRF:6
BRH:0
end_of_record
